{"message":"Unauthorized request to path /bookmark","level":"error"}
{"message":"Title is required.","level":"error"}
{"message":"Title is required.","level":"error"}
{"message":"Title is required.","level":"error"}
{"message":"Title is required.","level":"error"}
{"message":"Title is required.","level":"error"}
{"message":"Title is required.","level":"error"}
{"message":"Title is required.","level":"error"}
{"message":"Title is required.","level":"error"}
{"message":{},"level":"error"}
{"message":"Title is required.","level":"error"}
{"message":"{}","level":"error"}
{"message":"Title is required.","level":"error"}
{"message":"{\"title\":\"Ella hi\",\"url\":\"www.yahoo.com\",\"rating\":4,\"description\":\"other search engine\"}","level":"error"}
{"message":"{\"title\":\"Ella hi\",\"url\":\"www.yahoo.com\",\"rating\":4,\"description\":\"other search engine\"}","level":"error"}
{"message":"Bookmark with id cd6cab61-bcfc-411f-a700-b050d6beb15d created.","level":"info"}
{"message":"Bookmark with id bc4beebc-f2d9-412c-81cc-38b61ff80be9 created.","level":"info"}
{"message":"Bookmark with bc4beebc-f2d9-412c-81cc-38b61ff80be9 has been deleted.","level":"info"}
{"message":"Bookmark with id bc4beebc-f2d9-412c-81cc-38b61ff80be9 not found.","level":"error"}
{"message":"Bookmark with id 8d571e07-b14a-4259-9b7c-0e44de7d3364 created.","level":"info"}
{"message":"Bookmark with 8d571e07-b14a-4259-9b7c-0e44de7d3364 has been deleted.","level":"info"}
{"message":"Bookmark with id 8d571e07-b14a-4259-9b7c-0e44de7d3364 not found.","level":"error"}
{"message":"Bookmark with id 3d488e12-b7f6-40ed-9a55-e724e5c0caaf created.","level":"info"}
{"message":"Bookmark with 3d488e12-b7f6-40ed-9a55-e724e5c0caaf has been deleted.","level":"info"}
{"message":"Bookmark with id 3d488e12-b7f6-40ed-9a55-e724e5c0caaf not found.","level":"error"}
